\BOOKMARK [1][-]{section.1}{\376\377\000I\000n\000t\000r\000o\000d\000u\000c\000t\000i\000o\000n}{}% 1
\BOOKMARK [1][-]{section.2}{\376\377\000M\000a\000t\000r\000i\000x\000\040\000m\000o\000d\000e\000l\000s\000\040\000-\000\040\000A\000n\000a\000l\000y\000t\000i\000c\000a\000l\000\040\000a\000n\000d\000\040\000B\000o\000o\000t\000s\000t\000r\000a\000p\000\040\000m\000e\000t\000h\000o\000d\000s}{}% 2
\BOOKMARK [2][-]{subsection.2.1}{\376\377\000H\000e\000r\000m\000i\000t\000i\000a\000n\000\040\000o\000n\000e\000-\000m\000a\000t\000r\000i\000x\000\040\000m\000o\000d\000e\000l\000\040\000-\000\040\000S\000a\000d\000d\000l\000e\000\040\000p\000o\000i\000n\000t\000\040\000a\000n\000a\000l\000y\000s\000i\000s}{section.2}% 3
\BOOKMARK [2][-]{subsection.2.2}{\376\377\000M\000e\000t\000h\000o\000d\000\040\000o\000f\000\040\000o\000r\000t\000h\000o\000g\000o\000n\000a\000l\000\040\000p\000o\000l\000y\000n\000o\000m\000i\000a\000l\000s}{section.2}% 4
\BOOKMARK [2][-]{subsection.2.3}{\376\377\000M\000a\000t\000r\000i\000x\000\040\000b\000o\000o\000t\000s\000t\000r\000a\000p\000\040\000m\000e\000t\000h\000o\000d}{section.2}% 5
\BOOKMARK [1][-]{section.3}{\376\377\000N\000u\000m\000e\000r\000i\000c\000a\000l\000\040\000s\000o\000l\000u\000t\000i\000o\000n\000s}{}% 6
\BOOKMARK [2][-]{subsection.3.1}{\376\377\000B\000a\000s\000i\000c\000s\000\040\000o\000f\000\040\000M\000o\000n\000t\000e\000\040\000C\000a\000r\000l\000o\000\040\000m\000e\000t\000h\000o\000d}{section.3}% 7
\BOOKMARK [3][-]{subsubsection.3.1.1}{\376\377\000R\000a\000n\000d\000o\000m\000\040\000g\000e\000n\000e\000r\000a\000t\000o\000r\000\040\000-\000\040\000B\000o\000x\000-\000M\000u\000l\000l\000e\000r\000\040\000a\000l\000g\000o\000r\000i\000t\000h\000m}{subsection.3.1}% 8
\BOOKMARK [3][-]{subsubsection.3.1.2}{\376\377\000L\000e\000a\000p\000f\000r\000o\000g\000\040\000i\000n\000t\000e\000g\000r\000a\000t\000o\000r\000\040\000a\000n\000d\000\040\000a\000c\000c\000e\000p\000t\000/\000r\000e\000j\000e\000c\000t\000\040\000s\000t\000e\000p}{subsection.3.1}% 9
\BOOKMARK [3][-]{subsubsection.3.1.3}{\376\377\000A\000u\000t\000o\000c\000o\000r\000r\000e\000l\000a\000t\000i\000o\000n\000\040\000a\000n\000d\000\040\000e\000r\000r\000o\000r\000\040\000e\000s\000t\000i\000m\000a\000t\000i\000o\000n}{subsection.3.1}% 10
\BOOKMARK [2][-]{subsection.3.2}{\376\377\000O\000n\000e\000-\000m\000a\000t\000r\000i\000x\000\040\000m\000o\000d\000e\000l\000:\000\040\000C\000o\000n\000f\000i\000r\000m\000i\000n\000g\000\040\000e\000x\000a\000c\000t\000\040\000r\000e\000s\000u\000l\000t\000s}{section.3}% 11
\BOOKMARK [2][-]{subsection.3.3}{\376\377\000H\000o\000p\000p\000e\000-\000t\000y\000p\000e\000\040\000m\000a\000t\000r\000i\000x\000\040\000m\000o\000d\000e\000l\000s\000:\000\040\000C\000o\000n\000f\000i\000r\000m\000i\000n\000g\000\040\000b\000o\000o\000t\000s\000t\000r\000a\000p\000\040\000r\000e\000s\000u\000l\000t\000s}{section.3}% 12
\BOOKMARK [2][-]{subsection.3.4}{\376\377\000C\000l\000o\000s\000e\000d\000\040\000a\000n\000d\000\040\000o\000p\000e\000n\000\040\000c\000h\000a\000i\000n\000\040\000m\000o\000d\000e\000l\000s\000\040\000w\000i\000t\000h\000\040\000t\000h\000r\000e\000e\000\040\000a\000n\000d\000\040\000f\000o\000u\000r\000\040\000m\000a\000t\000r\000i\000c\000e\000s}{section.3}% 13
\BOOKMARK [2][-]{subsection.3.5}{\376\377\000M\000o\000d\000e\000l\000s\000\040\000w\000i\000t\000h\000\040\000D\000\040\000m\000a\000t\000r\000i\000c\000e\000s\000\040\000i\000n\000c\000l\000u\000d\000i\000n\000g\000\040\000m\000a\000s\000s\000\040\000t\000e\000r\000m\000s}{section.3}% 14
\BOOKMARK [2][-]{subsection.3.6}{\376\377\000M\000u\000l\000t\000i\000-\000m\000a\000t\000r\000i\000x\000\040\000Y\000a\000n\000g\000-\000M\000i\000l\000l\000s\000\040\000m\000o\000d\000e\000l\000s}{section.3}% 15
\BOOKMARK [1][-]{section.4}{\376\377\000S\000u\000m\000m\000a\000r\000y\000\040\000a\000n\000d\000\040\000f\000u\000t\000u\000r\000e\000\040\000d\000i\000r\000e\000c\000t\000i\000o\000n\000s}{}% 16
\BOOKMARK [1][-]{appendix.A}{\376\377\000I\000s\000i\000n\000g\000\040\000m\000o\000d\000e\000l\000\040\000o\000n\000\040\000a\000\040\000r\000a\000n\000d\000o\000m\000\040\000g\000r\000a\000p\000h}{}% 17
\BOOKMARK [1][-]{appendix.B}{\376\377\000M\000a\000t\000h\000e\000m\000a\000t\000i\000c\000a\000\040\000c\000o\000d\000e\000\040\000f\000o\000r\000\040\000o\000n\000e\000-\000m\000a\000t\000r\000i\000x\000\040\000m\000o\000d\000e\000l\000\040\000s\000o\000l\000u\000t\000i\000o\000n}{}% 18
\BOOKMARK [1][-]{appendix.C}{\376\377\000B\000r\000i\000e\000f\000\040\000i\000n\000s\000t\000r\000u\000c\000t\000i\000o\000n\000s\000\040\000a\000n\000d\000\040\000e\000x\000p\000l\000a\000n\000a\000t\000i\000o\000n\000s\000\040\000t\000o\000\040\000u\000s\000e\000\040\000t\000h\000e\000\040\000P\000y\000t\000h\000o\000n\000\040\000c\000o\000d\000e}{}% 19
\BOOKMARK [1][-]{appendix.D}{\376\377\000P\000y\000t\000h\000o\000n\000\040\000c\000o\000d\000e\000\040\000f\000o\000r\000\040\000H\000e\000r\000m\000i\000t\000i\000a\000n\000\040\000o\000n\000e\000\040\000m\000a\000t\000r\000i\000x\000\040\000m\000o\000d\000e\000l}{}% 20
\BOOKMARK [1][-]{appendix.E}{\376\377\000P\000y\000t\000h\000o\000n\000\040\000c\000o\000d\000e\000\040\000f\000o\000r\000\040\000Y\000M\000\040\000m\000a\000t\000r\000i\000x\000\040\000m\000o\000d\000e\000l\000\040\000w\000i\000t\000h\000\040\000D\000\040\000m\000a\000t\000r\000i\000c\000e\000s}{}% 21
\BOOKMARK [1][-]{appendix.F}{\376\377\000C\000o\000m\000p\000u\000t\000i\000n\000g\000\040\000e\000r\000r\000o\000r\000\040\000u\000s\000i\000n\000g\000\040\000J\000a\000c\000k\000k\000n\000i\000f\000e\000\040\000m\000e\000t\000h\000o\000d}{}% 22
\BOOKMARK [1][-]{appendix.G}{\376\377\000S\000o\000l\000u\000t\000i\000o\000n\000s\000\040\000t\000o\000\040\000s\000e\000l\000e\000c\000t\000e\000d\000\040\000E\000x\000e\000r\000c\000i\000s\000e\000s}{}% 23
